Determining if the pthread_create exist failed with the following output:
Change Dir: /home/ccc_v1_w_ZTNl_112440/asn22998_1/asn22999_1/work/catkin_ws/build/CMakeFiles/CMakeTmp

Run Build Command:/usr/bin/make "cmTryCompileExec2434712231/fast"
/usr/bin/make -f CMakeFiles/cmTryCompileExec2434712231.dir/build.make CMakeFiles/cmTryCompileExec2434712231.dir/build
make[1]: Entering directory `/home/ccc_v1_w_ZTNl_112440/asn22998_1/asn22999_1/work/catkin_ws/build/CMakeFiles/CMakeTmp'
/usr/bin/cmake -E cmake_progress_report /home/ccc_v1_w_ZTNl_112440/asn22998_1/asn22999_1/work/catkin_ws/build/CMakeFiles/CMakeTmp/CMakeFiles 1
Building C object CMakeFiles/cmTryCompileExec2434712231.dir/CheckSymbolExists.c.o
/usr/bin/cc    -o CMakeFiles/cmTryCompileExec2434712231.dir/CheckSymbolExists.c.o   -c /home/ccc_v1_w_ZTNl_112440/asn22998_1/asn22999_1/work/catkin_ws/build/CMakeFiles/CMakeTmp/CheckSymbolExists.c
Linking C executable cmTryCompileExec2434712231
/usr/bin/cmake -E cmake_link_script CMakeFiles/cmTryCompileExec2434712231.dir/link.txt --verbose=1
/usr/bin/cc       CMakeFiles/cmTryCompileExec2434712231.dir/CheckSymbolExists.c.o  -o cmTryCompileExec2434712231 -rdynamic 
CMakeFiles/cmTryCompileExec2434712231.dir/CheckSymbolExists.c.o: In function `main':
CheckSymbolExists.c:(.text+0x16): undefined reference to `pthread_create'
collect2: error: ld returned 1 exit status
make[1]: *** [cmTryCompileExec2434712231] Error 1
make[1]: Leaving directory `/home/ccc_v1_w_ZTNl_112440/asn22998_1/asn22999_1/work/catkin_ws/build/CMakeFiles/CMakeTmp'
make: *** [cmTryCompileExec2434712231/fast] Error 2

File /home/ccc_v1_w_ZTNl_112440/asn22998_1/asn22999_1/work/catkin_ws/build/CMakeFiles/CMakeTmp/CheckSymbolExists.c:
/* */
#include <pthread.h>

int main(int argc, char** argv)
{
  (void)argv;
#ifndef pthread_create
  return ((int*)(&pthread_create))[argc];
#else
  (void)argc;
  return 0;
#endif
}

Determining if the function pthread_create exists in the pthreads failed with the following output:
Change Dir: /home/ccc_v1_w_ZTNl_112440/asn22998_1/asn22999_1/work/catkin_ws/build/CMakeFiles/CMakeTmp

Run Build Command:/usr/bin/make "cmTryCompileExec2794636991/fast"
/usr/bin/make -f CMakeFiles/cmTryCompileExec2794636991.dir/build.make CMakeFiles/cmTryCompileExec2794636991.dir/build
make[1]: Entering directory `/home/ccc_v1_w_ZTNl_112440/asn22998_1/asn22999_1/work/catkin_ws/build/CMakeFiles/CMakeTmp'
/usr/bin/cmake -E cmake_progress_report /home/ccc_v1_w_ZTNl_112440/asn22998_1/asn22999_1/work/catkin_ws/build/CMakeFiles/CMakeTmp/CMakeFiles 1
Building C object CMakeFiles/cmTryCompileExec2794636991.dir/CheckFunctionExists.c.o
/usr/bin/cc   -DCHECK_FUNCTION_EXISTS=pthread_create   -o CMakeFiles/cmTryCompileExec2794636991.dir/CheckFunctionExists.c.o   -c /usr/share/cmake-2.8/Modules/CheckFunctionExists.c
Linking C executable cmTryCompileExec2794636991
/usr/bin/cmake -E cmake_link_script CMakeFiles/cmTryCompileExec2794636991.dir/link.txt --verbose=1
/usr/bin/cc   -DCHECK_FUNCTION_EXISTS=pthread_create    CMakeFiles/cmTryCompileExec2794636991.dir/CheckFunctionExists.c.o  -o cmTryCompileExec2794636991 -rdynamic -lpthreads 
/usr/bin/ld: cannot find -lpthreads
collect2: error: ld returned 1 exit status
make[1]: *** [cmTryCompileExec2794636991] Error 1
make[1]: Leaving directory `/home/ccc_v1_w_ZTNl_112440/asn22998_1/asn22999_1/work/catkin_ws/build/CMakeFiles/CMakeTmp'
make: *** [cmTryCompileExec2794636991/fast] Error 2


